<?xml version="1.0" encoding="UTF-8" ?>
<testsuite errors="0" failures="0" hostname="MacBook-Pro.local" name="com.flatironschool.javacs.HelloWorldTest" skipped="0" tests="1" time="0.147" timestamp="2016-07-14T18:11:31">
  <properties>
    <property name="java.vendor" value="Oracle Corporation" />
    <property name="env.VISUAL" value="subl -w" />
    <property name="sun.java.launcher" value="SUN_STANDARD" />
    <property name="env.XPC_SERVICE_NAME" value="0" />
    <property name="sun.management.compiler" value="HotSpot 64-Bit Tiered Compilers" />
    <property name="env._system_arch" value="x86_64" />
    <property name="env.GEM_HOME" value="/Users/JustinThomas/.rvm/gems/ruby-2.2.3" />
    <property name="os.name" value="Mac OS X" />
    <property name="sun.boot.class.path" value="/Library/Java/JavaVirtualMachines/jdk1.8.0_25.jdk/Contents/Home/jre/lib/resources.jar:/Library/Java/JavaVirtualMachines/jdk1.8.0_25.jdk/Contents/Home/jre/lib/rt.jar:/Library/Java/JavaVirtualMachines/jdk1.8.0_25.jdk/Contents/Home/jre/lib/sunrsasign.jar:/Library/Java/JavaVirtualMachines/jdk1.8.0_25.jdk/Contents/Home/jre/lib/jsse.jar:/Library/Java/JavaVirtualMachines/jdk1.8.0_25.jdk/Contents/Home/jre/lib/jce.jar:/Library/Java/JavaVirtualMachines/jdk1.8.0_25.jdk/Contents/Home/jre/lib/charsets.jar:/Library/Java/JavaVirtualMachines/jdk1.8.0_25.jdk/Contents/Home/jre/lib/jfr.jar:/Library/Java/JavaVirtualMachines/jdk1.8.0_25.jdk/Contents/Home/jre/classes" />
    <property name="env.TMPDIR" value="/var/folders/9x/tnz2fz4901j94mhpw1kftsfr0000gn/T/" />
    <property name="env.PWD" value="/Users/JustinThomas/Development/code/cs-java-hello-world-lab-g-416" />
    <property name="env.LANG" value="en_US.UTF-8" />
    <property name="java.vm.specification.vendor" value="Oracle Corporation" />
    <property name="ant.home" value="/usr/local/Cellar/ant/1.9.6/libexec" />
    <property name="java.runtime.version" value="1.8.0_25-b17" />
    <property name="env.MY_RUBY_HOME" value="/Users/JustinThomas/.rvm/rubies/ruby-2.2.3" />
    <property name="env.Apple_PubSub_Socket_Render" value="/private/tmp/com.apple.launchd.d7l8ZZWn9l/Render" />
    <property name="env.DISPLAY" value="/private/tmp/com.apple.launchd.66q21VwEbN/org.macosforge.xquartz:0" />
    <property name="env.rvm_version" value="1.27.0 (master)" />
    <property name="user.name" value="JustinThomas" />
    <property name="env.USER" value="JustinThomas" />
    <property name="env.SHELL" value="/bin/bash" />
    <property name="env.__CF_USER_TEXT_ENCODING" value="0x1F5:0x0:0x0" />
    <property name="env.NODE_PATH" value="/usr/local/lib/node_modules:" />
    <property name="env._system_type" value="Darwin" />
    <property name="env.PATH" value="/Users/JustinThomas/.rvm/gems/ruby-2.2.3/bin:/Users/JustinThomas/.rvm/gems/ruby-2.2.3@global/bin:/Users/JustinThomas/.rvm/rubies/ruby-2.2.3/bin:/Applications/Postgres.app/Contents/Versions/9.4/bin:/usr/local:/usr/local/bin:/usr/local/sbin:/usr/bin:/usr/local/bin:/usr/bin:/bin:/usr/sbin:/sbin:/opt/X11/bin:/Users/JustinThomas/.rvm/bin" />
    <property name="user.language" value="en" />
    <property name="env.rvm_prefix" value="/Users/JustinThomas" />
    <property name="sun.boot.library.path" value="/Library/Java/JavaVirtualMachines/jdk1.8.0_25.jdk/Contents/Home/jre/lib" />
    <property name="ant.project.default-target" value="build" />
    <property name="env.XPC_FLAGS" value="0x0" />
    <property name="ant.project.name" value="JavaCS" />
    <property name="env.rvm_path" value="/Users/JustinThomas/.rvm" />
    <property name="env.RUBY_VERSION" value="ruby-2.2.3" />
    <property name="java.version" value="1.8.0_25" />
    <property name="user.timezone" value="America/New_York" />
    <property name="sun.arch.data.model" value="64" />
    <property name="env._system_name" value="OSX" />
    <property name="http.nonProxyHosts" value="local|*.local|169.254/16|*.169.254/16" />
    <property name="java.endorsed.dirs" value="/Library/Java/JavaVirtualMachines/jdk1.8.0_25.jdk/Contents/Home/jre/lib/endorsed" />
    <property name="sun.cpu.isalist" value="" />
    <property name="sun.jnu.encoding" value="UTF-8" />
    <property name="env.GIT_MERGE_AUTOEDIT" value="no" />
    <property name="env.rvm_bin_path" value="/Users/JustinThomas/.rvm/bin" />
    <property name="file.encoding.pkg" value="sun.io" />
    <property name="env.SHLVL" value="3" />
    <property name="file.separator" value="/" />
    <property name="env._system_version" value="10.10" />
    <property name="java.specification.name" value="Java Platform API Specification" />
    <property name="java.class.version" value="52.0" />
    <property name="user.country" value="US" />
    <property name="ant.file.JavaCS" value="/Users/JustinThomas/Development/code/cs-java-hello-world-lab-g-416/javacs-lab00/build.xml" />
    <property name="java.home" value="/Library/Java/JavaVirtualMachines/jdk1.8.0_25.jdk/Contents/Home/jre" />
    <property name="java.vm.info" value="mixed mode" />
    <property name="env.LOGNAME" value="JustinThomas" />
    <property name="ant.file" value="/Users/JustinThomas/Development/code/cs-java-hello-world-lab-g-416/javacs-lab00/build.xml" />
    <property name="os.version" value="10.10.4" />
    <property name="env.NVM_IOJS_ORG_VERSION_LISTING" value="https://iojs.org/dist/index.tab" />
    <property name="env.TERM_PROGRAM_VERSION" value="343.7" />
    <property name="path.separator" value=":" />
    <property name="env._ORIGINAL_GEM_PATH" value="/Users/JustinThomas/.rvm/gems/ruby-2.2.3:/Users/JustinThomas/.rvm/gems/ruby-2.2.3@global" />
    <property name="env.JAVA_MAIN_CLASS_49652" value="org.apache.tools.ant.launch.Launcher" />
    <property name="java.vm.version" value="25.25-b02" />
    <property name="ant.library.dir" value="/usr/local/Cellar/ant/1.9.6/libexec/lib" />
    <property name="env.NVM_NODEJS_ORG_MIRROR" value="https://nodejs.org/dist" />
    <property name="junit.output.dir" value="junit" />
    <property name="env.IRBRC" value="/Users/JustinThomas/.rvm/rubies/ruby-2.2.3/.irbrc" />
    <property name="java.awt.printerjob" value="sun.lwawt.macosx.CPrinterJob" />
    <property name="env.TERM" value="xterm-256color" />
    <property name="sun.io.unicode.encoding" value="UnicodeBig" />
    <property name="env.NVM_RC_VERSION" value="" />
    <property name="awt.toolkit" value="sun.lwawt.macosx.LWCToolkit" />
    <property name="socksNonProxyHosts" value="local|*.local|169.254/16|*.169.254/16" />
    <property name="ftp.nonProxyHosts" value="local|*.local|169.254/16|*.169.254/16" />
    <property name="env.GEM_PATH" value="/Users/JustinThomas/.rvm/gems/ruby-2.2.3:/Users/JustinThomas/.rvm/gems/ruby-2.2.3@global" />
    <property name="target" value="1.6" />
    <property name="user.home" value="/Users/JustinThomas" />
    <property name="java.specification.vendor" value="Oracle Corporation" />
    <property name="env.TERM_PROGRAM" value="Apple_Terminal" />
    <property name="java.vendor.url" value="http://java.oracle.com/" />
    <property name="java.library.path" value="/Users/JustinThomas/Library/Java/Extensions:/Library/Java/Extensions:/Network/Library/Java/Extensions:/System/Library/Java/Extensions:/usr/lib/java:." />
    <property name="env.SVN_EDITOR" value="subl -w" />
    <property name="java.vm.vendor" value="Oracle Corporation" />
    <property name="gopherProxySet" value="false" />
    <property name="java.runtime.name" value="Java(TM) SE Runtime Environment" />
    <property name="ant.version" value="Apache Ant(TM) version 1.9.6 compiled on June 29 2015" />
    <property name="java.class.path" value="/Users/JustinThomas/Development/code/cs-java-hello-world-lab-g-416/javacs-lab00/bin:/Users/JustinThomas/Development/code/cs-java-hello-world-lab-g-416/javacs-lab00/lib/junit-4.12.jar:/Users/JustinThomas/Development/code/cs-java-hello-world-lab-g-416/javacs-lab00/lib/hamcrest-core-1.3.jar:/usr/local/Cellar/ant/1.9.6/libexec/lib/ant-launcher.jar:/usr/local/Cellar/ant/1.9.6/libexec/lib/ant.jar:/usr/local/Cellar/ant/1.9.6/libexec/lib/ant-junit.jar:/usr/local/Cellar/ant/1.9.6/libexec/lib/ant-junit4.jar" />
    <property name="sun.java.command" value="org.apache.tools.ant.taskdefs.optional.junit.JUnitTestRunner com.flatironschool.javacs.HelloWorldTest skipNonTests=false filtertrace=true haltOnError=false haltOnFailure=false formatter=org.apache.tools.ant.taskdefs.optional.junit.OutErrSummaryJUnitResultFormatter showoutput=false outputtoformatters=true logfailedtests=true threadid=0 logtestlistenerevents=false formatter=org.apache.tools.ant.taskdefs.optional.junit.XMLJUnitResultFormatter,/Users/JustinThomas/Development/code/cs-java-hello-world-lab-g-416/javacs-lab00/junit/TEST-com.flatironschool.javacs.HelloWorldTest.xml formatter=org.apache.tools.ant.taskdefs.optional.junit.PlainJUnitResultFormatter crashfile=/Users/JustinThomas/Development/code/cs-java-hello-world-lab-g-416/javacs-lab00/junitvmwatcher1476521461086517373.properties propsfile=/Users/JustinThomas/Development/code/cs-java-hello-world-lab-g-416/javacs-lab00/junit4583279726272838658.properties" />
    <property name="env.TERM_SESSION_ID" value="FFEE23F6-17EA-43AE-8EAC-ADDA5CE35832" />
    <property name="env.USR_PATHS" value="/usr/local:/usr/local/bin:/usr/local/sbin:/usr/bin" />
    <property name="ant.file.type.JavaCS" value="file" />
    <property name="java.vm.specification.name" value="Java Virtual Machine Specification" />
    <property name="ant.file.type" value="file" />
    <property name="java.vm.specification.version" value="1.8" />
    <property name="sun.os.patch.level" value="unknown" />
    <property name="sun.cpu.endian" value="little" />
    <property name="env.HOME" value="/Users/JustinThomas" />
    <property name="debuglevel" value="source,lines,vars" />
    <property name="java.io.tmpdir" value="/var/folders/9x/tnz2fz4901j94mhpw1kftsfr0000gn/T/" />
    <property name="java.vendor.url.bug" value="http://bugreport.sun.com/bugreport/" />
    <property name="env.SSH_AUTH_SOCK" value="/private/tmp/com.apple.launchd.obuF5ZUPP6/Listeners" />
    <property name="java.awt.graphicsenv" value="sun.awt.CGraphicsEnvironment" />
    <property name="os.arch" value="x86_64" />
    <property name="java.ext.dirs" value="/Users/JustinThomas/Library/Java/Extensions:/Library/Java/JavaVirtualMachines/jdk1.8.0_25.jdk/Contents/Home/jre/lib/ext:/Library/Java/Extensions:/Network/Library/Java/Extensions:/System/Library/Java/Extensions:/usr/lib/java" />
    <property name="user.dir" value="/Users/JustinThomas/Development/code/cs-java-hello-world-lab-g-416" />
    <property name="line.separator" value="&#xa;" />
    <property name="java.vm.name" value="Java HotSpot(TM) 64-Bit Server VM" />
    <property name="env.NVM_IOJS_ORG_MIRROR" value="https://iojs.org/dist" />
    <property name="env.EDITOR" value="subl -w" />
    <property name="basedir" value="/Users/JustinThomas/Development/code/cs-java-hello-world-lab-g-416/javacs-lab00" />
    <property name="ant.java.version" value="1.8" />
    <property name="ant.core.lib" value="/usr/local/Cellar/ant/1.9.6/libexec/lib/ant.jar" />
    <property name="source" value="1.6" />
    <property name="file.encoding" value="UTF-8" />
    <property name="env.NVM_DIR" value="/Users/JustinThomas/.nvm" />
    <property name="env.GIT_EDITOR" value="subl -w" />
    <property name="java.specification.version" value="1.8" />
    <property name="ant.project.invoked-targets" value="test" />
    <property name="env.FLATIRON_VERSION" value="1.1.1" />
  </properties>
  <testcase classname="com.flatironschool.javacs.HelloWorldTest" name="testGetVersion" time="0.006" />
  <system-out><![CDATA[]]></system-out>
  <system-err><![CDATA[]]></system-err>
</testsuite>
